<?xml version="1.0" encoding="UTF-8"?>
<testsuite xmlns:xsi="http://www.w3.org/2001/XMLSchema-instance" xsi:noNamespaceSchemaLocation="https://maven.apache.org/surefire/maven-surefire-plugin/xsd/surefire-test-report.xsd" name="com.example.course.CourseApplicationTests" time="2.66" tests="1" errors="0" skipped="0" failures="0">
  <properties>
    <property name="gopherProxySet" value="false"/>
    <property name="awt.toolkit" value="sun.lwawt.macosx.LWCToolkit"/>
    <property name="file.encoding.pkg" value="sun.io"/>
    <property name="java.specification.version" value="1.8"/>
    <property name="sun.cpu.isalist" value=""/>
    <property name="sun.jnu.encoding" value="UTF-8"/>
    <property name="java.class.path" value="/Users/esvc_team/Git/course/work-full-stack-course-2022/microservices/course/target/test-classes:/Users/esvc_team/Git/course/work-full-stack-course-2022/microservices/course/target/classes:/Users/esvc_team/.m2/repository-ship/org/springframework/boot/spring-boot-starter-data-jpa/2.7.7-SNAPSHOT/spring-boot-starter-data-jpa-2.7.7-SNAPSHOT.jar:/Users/esvc_team/.m2/repository-ship/org/springframework/boot/spring-boot-starter-aop/2.7.7-SNAPSHOT/spring-boot-starter-aop-2.7.7-SNAPSHOT.jar:/Users/esvc_team/.m2/repository-ship/org/springframework/spring-aop/5.3.24/spring-aop-5.3.24.jar:/Users/esvc_team/.m2/repository-ship/org/aspectj/aspectjweaver/1.9.7/aspectjweaver-1.9.7.jar:/Users/esvc_team/.m2/repository-ship/org/springframework/boot/spring-boot-starter-jdbc/2.7.7-SNAPSHOT/spring-boot-starter-jdbc-2.7.7-SNAPSHOT.jar:/Users/esvc_team/.m2/repository-ship/com/zaxxer/HikariCP/4.0.3/HikariCP-4.0.3.jar:/Users/esvc_team/.m2/repository-ship/org/springframework/spring-jdbc/5.3.24/spring-jdbc-5.3.24.jar:/Users/esvc_team/.m2/repository-ship/jakarta/transaction/jakarta.transaction-api/1.3.3/jakarta.transaction-api-1.3.3.jar:/Users/esvc_team/.m2/repository-ship/jakarta/persistence/jakarta.persistence-api/2.2.3/jakarta.persistence-api-2.2.3.jar:/Users/esvc_team/.m2/repository-ship/org/hibernate/hibernate-core/5.6.14.Final/hibernate-core-5.6.14.Final.jar:/Users/esvc_team/.m2/repository-ship/org/jboss/logging/jboss-logging/3.4.3.Final/jboss-logging-3.4.3.Final.jar:/Users/esvc_team/.m2/repository-ship/net/bytebuddy/byte-buddy/1.12.19/byte-buddy-1.12.19.jar:/Users/esvc_team/.m2/repository-ship/antlr/antlr/2.7.7/antlr-2.7.7.jar:/Users/esvc_team/.m2/repository-ship/org/jboss/jandex/2.4.2.Final/jandex-2.4.2.Final.jar:/Users/esvc_team/.m2/repository-ship/com/fasterxml/classmate/1.5.1/classmate-1.5.1.jar:/Users/esvc_team/.m2/repository-ship/org/hibernate/common/hibernate-commons-annotations/5.1.2.Final/hibernate-commons-annotations-5.1.2.Final.jar:/Users/esvc_team/.m2/repository-ship/org/glassfish/jaxb/jaxb-runtime/2.3.7/jaxb-runtime-2.3.7.jar:/Users/esvc_team/.m2/repository-ship/org/glassfish/jaxb/txw2/2.3.7/txw2-2.3.7.jar:/Users/esvc_team/.m2/repository-ship/com/sun/istack/istack-commons-runtime/3.0.12/istack-commons-runtime-3.0.12.jar:/Users/esvc_team/.m2/repository-ship/com/sun/activation/jakarta.activation/1.2.2/jakarta.activation-1.2.2.jar:/Users/esvc_team/.m2/repository-ship/org/springframework/data/spring-data-jpa/2.7.6/spring-data-jpa-2.7.6.jar:/Users/esvc_team/.m2/repository-ship/org/springframework/data/spring-data-commons/2.7.6/spring-data-commons-2.7.6.jar:/Users/esvc_team/.m2/repository-ship/org/springframework/spring-orm/5.3.24/spring-orm-5.3.24.jar:/Users/esvc_team/.m2/repository-ship/org/springframework/spring-context/5.3.24/spring-context-5.3.24.jar:/Users/esvc_team/.m2/repository-ship/org/springframework/spring-expression/5.3.24/spring-expression-5.3.24.jar:/Users/esvc_team/.m2/repository-ship/org/springframework/spring-tx/5.3.24/spring-tx-5.3.24.jar:/Users/esvc_team/.m2/repository-ship/org/springframework/spring-beans/5.3.24/spring-beans-5.3.24.jar:/Users/esvc_team/.m2/repository-ship/org/slf4j/slf4j-api/1.7.36/slf4j-api-1.7.36.jar:/Users/esvc_team/.m2/repository-ship/org/springframework/spring-aspects/5.3.24/spring-aspects-5.3.24.jar:/Users/esvc_team/.m2/repository-ship/org/springframework/boot/spring-boot-starter-webflux/2.7.7-SNAPSHOT/spring-boot-starter-webflux-2.7.7-SNAPSHOT.jar:/Users/esvc_team/.m2/repository-ship/org/springframework/boot/spring-boot-starter/2.7.7-SNAPSHOT/spring-boot-starter-2.7.7-SNAPSHOT.jar:/Users/esvc_team/.m2/repository-ship/org/springframework/boot/spring-boot/2.7.7-SNAPSHOT/spring-boot-2.7.7-SNAPSHOT.jar:/Users/esvc_team/.m2/repository-ship/org/springframework/boot/spring-boot-autoconfigure/2.7.7-SNAPSHOT/spring-boot-autoconfigure-2.7.7-SNAPSHOT.jar:/Users/esvc_team/.m2/repository-ship/org/springframework/boot/spring-boot-starter-logging/2.7.7-SNAPSHOT/spring-boot-starter-logging-2.7.7-SNAPSHOT.jar:/Users/esvc_team/.m2/repository-ship/ch/qos/logback/logback-classic/1.2.11/logback-classic-1.2.11.jar:/Users/esvc_team/.m2/repository-ship/ch/qos/logback/logback-core/1.2.11/logback-core-1.2.11.jar:/Users/esvc_team/.m2/repository-ship/org/apache/logging/log4j/log4j-to-slf4j/2.17.2/log4j-to-slf4j-2.17.2.jar:/Users/esvc_team/.m2/repository-ship/org/apache/logging/log4j/log4j-api/2.17.2/log4j-api-2.17.2.jar:/Users/esvc_team/.m2/repository-ship/org/slf4j/jul-to-slf4j/1.7.36/jul-to-slf4j-1.7.36.jar:/Users/esvc_team/.m2/repository-ship/jakarta/annotation/jakarta.annotation-api/1.3.5/jakarta.annotation-api-1.3.5.jar:/Users/esvc_team/.m2/repository-ship/org/yaml/snakeyaml/1.30/snakeyaml-1.30.jar:/Users/esvc_team/.m2/repository-ship/org/springframework/boot/spring-boot-starter-json/2.7.7-SNAPSHOT/spring-boot-starter-json-2.7.7-SNAPSHOT.jar:/Users/esvc_team/.m2/repository-ship/com/fasterxml/jackson/core/jackson-databind/2.13.4.2/jackson-databind-2.13.4.2.jar:/Users/esvc_team/.m2/repository-ship/com/fasterxml/jackson/datatype/jackson-datatype-jdk8/2.13.4/jackson-datatype-jdk8-2.13.4.jar:/Users/esvc_team/.m2/repository-ship/com/fasterxml/jackson/datatype/jackson-datatype-jsr310/2.13.4/jackson-datatype-jsr310-2.13.4.jar:/Users/esvc_team/.m2/repository-ship/com/fasterxml/jackson/module/jackson-module-parameter-names/2.13.4/jackson-module-parameter-names-2.13.4.jar:/Users/esvc_team/.m2/repository-ship/org/springframework/boot/spring-boot-starter-reactor-netty/2.7.7-SNAPSHOT/spring-boot-starter-reactor-netty-2.7.7-SNAPSHOT.jar:/Users/esvc_team/.m2/repository-ship/io/projectreactor/netty/reactor-netty-http/1.0.25/reactor-netty-http-1.0.25.jar:/Users/esvc_team/.m2/repository-ship/io/netty/netty-codec-http/4.1.85.Final/netty-codec-http-4.1.85.Final.jar:/Users/esvc_team/.m2/repository-ship/io/netty/netty-common/4.1.85.Final/netty-common-4.1.85.Final.jar:/Users/esvc_team/.m2/repository-ship/io/netty/netty-buffer/4.1.85.Final/netty-buffer-4.1.85.Final.jar:/Users/esvc_team/.m2/repository-ship/io/netty/netty-transport/4.1.85.Final/netty-transport-4.1.85.Final.jar:/Users/esvc_team/.m2/repository-ship/io/netty/netty-codec/4.1.85.Final/netty-codec-4.1.85.Final.jar:/Users/esvc_team/.m2/repository-ship/io/netty/netty-handler/4.1.85.Final/netty-handler-4.1.85.Final.jar:/Users/esvc_team/.m2/repository-ship/io/netty/netty-codec-http2/4.1.85.Final/netty-codec-http2-4.1.85.Final.jar:/Users/esvc_team/.m2/repository-ship/io/netty/netty-resolver-dns/4.1.85.Final/netty-resolver-dns-4.1.85.Final.jar:/Users/esvc_team/.m2/repository-ship/io/netty/netty-resolver/4.1.85.Final/netty-resolver-4.1.85.Final.jar:/Users/esvc_team/.m2/repository-ship/io/netty/netty-codec-dns/4.1.85.Final/netty-codec-dns-4.1.85.Final.jar:/Users/esvc_team/.m2/repository-ship/io/netty/netty-resolver-dns-native-macos/4.1.85.Final/netty-resolver-dns-native-macos-4.1.85.Final-osx-x86_64.jar:/Users/esvc_team/.m2/repository-ship/io/netty/netty-resolver-dns-classes-macos/4.1.85.Final/netty-resolver-dns-classes-macos-4.1.85.Final.jar:/Users/esvc_team/.m2/repository-ship/io/netty/netty-transport-native-epoll/4.1.85.Final/netty-transport-native-epoll-4.1.85.Final-linux-x86_64.jar:/Users/esvc_team/.m2/repository-ship/io/netty/netty-transport-native-unix-common/4.1.85.Final/netty-transport-native-unix-common-4.1.85.Final.jar:/Users/esvc_team/.m2/repository-ship/io/netty/netty-transport-classes-epoll/4.1.85.Final/netty-transport-classes-epoll-4.1.85.Final.jar:/Users/esvc_team/.m2/repository-ship/io/projectreactor/netty/reactor-netty-core/1.0.25/reactor-netty-core-1.0.25.jar:/Users/esvc_team/.m2/repository-ship/io/netty/netty-handler-proxy/4.1.85.Final/netty-handler-proxy-4.1.85.Final.jar:/Users/esvc_team/.m2/repository-ship/io/netty/netty-codec-socks/4.1.85.Final/netty-codec-socks-4.1.85.Final.jar:/Users/esvc_team/.m2/repository-ship/org/springframework/spring-web/5.3.24/spring-web-5.3.24.jar:/Users/esvc_team/.m2/repository-ship/org/springframework/spring-webflux/5.3.24/spring-webflux-5.3.24.jar:/Users/esvc_team/.m2/repository-ship/org/springframework/cloud/spring-cloud-starter-netflix-eureka-client/3.1.4/spring-cloud-starter-netflix-eureka-client-3.1.4.jar:/Users/esvc_team/.m2/repository-ship/org/springframework/cloud/spring-cloud-starter/3.1.5/spring-cloud-starter-3.1.5.jar:/Users/esvc_team/.m2/repository-ship/org/springframework/cloud/spring-cloud-context/3.1.5/spring-cloud-context-3.1.5.jar:/Users/esvc_team/.m2/repository-ship/org/springframework/security/spring-security-crypto/5.7.5/spring-security-crypto-5.7.5.jar:/Users/esvc_team/.m2/repository-ship/org/springframework/cloud/spring-cloud-commons/3.1.5/spring-cloud-commons-3.1.5.jar:/Users/esvc_team/.m2/repository-ship/org/springframework/security/spring-security-rsa/1.0.11.RELEASE/spring-security-rsa-1.0.11.RELEASE.jar:/Users/esvc_team/.m2/repository-ship/org/bouncycastle/bcpkix-jdk15on/1.69/bcpkix-jdk15on-1.69.jar:/Users/esvc_team/.m2/repository-ship/org/bouncycastle/bcprov-jdk15on/1.69/bcprov-jdk15on-1.69.jar:/Users/esvc_team/.m2/repository-ship/org/bouncycastle/bcutil-jdk15on/1.69/bcutil-jdk15on-1.69.jar:/Users/esvc_team/.m2/repository-ship/org/springframework/cloud/spring-cloud-netflix-eureka-client/3.1.4/spring-cloud-netflix-eureka-client-3.1.4.jar:/Users/esvc_team/.m2/repository-ship/com/netflix/eureka/eureka-client/1.10.17/eureka-client-1.10.17.jar:/Users/esvc_team/.m2/repository-ship/com/netflix/netflix-commons/netflix-eventbus/0.3.0/netflix-eventbus-0.3.0.jar:/Users/esvc_team/.m2/repository-ship/com/netflix/netflix-commons/netflix-infix/0.3.0/netflix-infix-0.3.0.jar:/Users/esvc_team/.m2/repository-ship/commons-jxpath/commons-jxpath/1.3/commons-jxpath-1.3.jar:/Users/esvc_team/.m2/repository-ship/joda-time/joda-time/2.3/joda-time-2.3.jar:/Users/esvc_team/.m2/repository-ship/org/antlr/antlr-runtime/3.4/antlr-runtime-3.4.jar:/Users/esvc_team/.m2/repository-ship/org/antlr/stringtemplate/3.2.1/stringtemplate-3.2.1.jar:/Users/esvc_team/.m2/repository-ship/com/google/code/gson/gson/2.9.1/gson-2.9.1.jar:/Users/esvc_team/.m2/repository-ship/org/apache/commons/commons-math/2.2/commons-math-2.2.jar:/Users/esvc_team/.m2/repository-ship/com/thoughtworks/xstream/xstream/1.4.18/xstream-1.4.18.jar:/Users/esvc_team/.m2/repository-ship/io/github/x-stream/mxparser/1.2.2/mxparser-1.2.2.jar:/Users/esvc_team/.m2/repository-ship/xmlpull/xmlpull/1.1.3.1/xmlpull-1.1.3.1.jar:/Users/esvc_team/.m2/repository-ship/javax/ws/rs/jsr311-api/1.1.1/jsr311-api-1.1.1.jar:/Users/esvc_team/.m2/repository-ship/com/netflix/servo/servo-core/0.12.21/servo-core-0.12.21.jar:/Users/esvc_team/.m2/repository-ship/com/google/guava/guava/19.0/guava-19.0.jar:/Users/esvc_team/.m2/repository-ship/org/apache/httpcomponents/httpclient/4.5.13/httpclient-4.5.13.jar:/Users/esvc_team/.m2/repository-ship/org/apache/httpcomponents/httpcore/4.4.15/httpcore-4.4.15.jar:/Users/esvc_team/.m2/repository-ship/commons-codec/commons-codec/1.15/commons-codec-1.15.jar:/Users/esvc_team/.m2/repository-ship/commons-configuration/commons-configuration/1.10/commons-configuration-1.10.jar:/Users/esvc_team/.m2/repository-ship/commons-lang/commons-lang/2.6/commons-lang-2.6.jar:/Users/esvc_team/.m2/repository-ship/com/google/inject/guice/4.1.0/guice-4.1.0.jar:/Users/esvc_team/.m2/repository-ship/javax/inject/javax.inject/1/javax.inject-1.jar:/Users/esvc_team/.m2/repository-ship/com/fasterxml/jackson/core/jackson-annotations/2.13.4/jackson-annotations-2.13.4.jar:/Users/esvc_team/.m2/repository-ship/com/fasterxml/jackson/core/jackson-core/2.13.4/jackson-core-2.13.4.jar:/Users/esvc_team/.m2/repository-ship/org/codehaus/jettison/jettison/1.4.0/jettison-1.4.0.jar:/Users/esvc_team/.m2/repository-ship/com/netflix/eureka/eureka-core/1.10.17/eureka-core-1.10.17.jar:/Users/esvc_team/.m2/repository-ship/com/fasterxml/woodstox/woodstox-core/6.2.1/woodstox-core-6.2.1.jar:/Users/esvc_team/.m2/repository-ship/org/codehaus/woodstox/stax2-api/4.2.1/stax2-api-4.2.1.jar:/Users/esvc_team/.m2/repository-ship/org/springframework/cloud/spring-cloud-starter-loadbalancer/3.1.5/spring-cloud-starter-loadbalancer-3.1.5.jar:/Users/esvc_team/.m2/repository-ship/org/springframework/cloud/spring-cloud-loadbalancer/3.1.5/spring-cloud-loadbalancer-3.1.5.jar:/Users/esvc_team/.m2/repository-ship/io/projectreactor/addons/reactor-extra/3.4.9/reactor-extra-3.4.9.jar:/Users/esvc_team/.m2/repository-ship/org/springframework/boot/spring-boot-starter-cache/2.7.7-SNAPSHOT/spring-boot-starter-cache-2.7.7-SNAPSHOT.jar:/Users/esvc_team/.m2/repository-ship/org/springframework/spring-context-support/5.3.24/spring-context-support-5.3.24.jar:/Users/esvc_team/.m2/repository-ship/com/stoyanr/evictor/1.0.0/evictor-1.0.0.jar:/Users/esvc_team/.m2/repository-ship/com/mysql/mysql-connector-j/8.0.31/mysql-connector-j-8.0.31.jar:/Users/esvc_team/.m2/repository-ship/org/springframework/boot/spring-boot-starter-test/2.7.7-SNAPSHOT/spring-boot-starter-test-2.7.7-SNAPSHOT.jar:/Users/esvc_team/.m2/repository-ship/org/springframework/boot/spring-boot-test/2.7.7-SNAPSHOT/spring-boot-test-2.7.7-SNAPSHOT.jar:/Users/esvc_team/.m2/repository-ship/org/springframework/boot/spring-boot-test-autoconfigure/2.7.7-SNAPSHOT/spring-boot-test-autoconfigure-2.7.7-SNAPSHOT.jar:/Users/esvc_team/.m2/repository-ship/com/jayway/jsonpath/json-path/2.7.0/json-path-2.7.0.jar:/Users/esvc_team/.m2/repository-ship/net/minidev/json-smart/2.4.8/json-smart-2.4.8.jar:/Users/esvc_team/.m2/repository-ship/net/minidev/accessors-smart/2.4.8/accessors-smart-2.4.8.jar:/Users/esvc_team/.m2/repository-ship/org/ow2/asm/asm/9.1/asm-9.1.jar:/Users/esvc_team/.m2/repository-ship/jakarta/xml/bind/jakarta.xml.bind-api/2.3.3/jakarta.xml.bind-api-2.3.3.jar:/Users/esvc_team/.m2/repository-ship/jakarta/activation/jakarta.activation-api/1.2.2/jakarta.activation-api-1.2.2.jar:/Users/esvc_team/.m2/repository-ship/org/assertj/assertj-core/3.22.0/assertj-core-3.22.0.jar:/Users/esvc_team/.m2/repository-ship/org/hamcrest/hamcrest/2.2/hamcrest-2.2.jar:/Users/esvc_team/.m2/repository-ship/org/junit/jupiter/junit-jupiter/5.8.2/junit-jupiter-5.8.2.jar:/Users/esvc_team/.m2/repository-ship/org/junit/jupiter/junit-jupiter-api/5.8.2/junit-jupiter-api-5.8.2.jar:/Users/esvc_team/.m2/repository-ship/org/opentest4j/opentest4j/1.2.0/opentest4j-1.2.0.jar:/Users/esvc_team/.m2/repository-ship/org/junit/platform/junit-platform-commons/1.8.2/junit-platform-commons-1.8.2.jar:/Users/esvc_team/.m2/repository-ship/org/apiguardian/apiguardian-api/1.1.2/apiguardian-api-1.1.2.jar:/Users/esvc_team/.m2/repository-ship/org/junit/jupiter/junit-jupiter-params/5.8.2/junit-jupiter-params-5.8.2.jar:/Users/esvc_team/.m2/repository-ship/org/junit/jupiter/junit-jupiter-engine/5.8.2/junit-jupiter-engine-5.8.2.jar:/Users/esvc_team/.m2/repository-ship/org/junit/platform/junit-platform-engine/1.8.2/junit-platform-engine-1.8.2.jar:/Users/esvc_team/.m2/repository-ship/org/mockito/mockito-core/4.5.1/mockito-core-4.5.1.jar:/Users/esvc_team/.m2/repository-ship/net/bytebuddy/byte-buddy-agent/1.12.19/byte-buddy-agent-1.12.19.jar:/Users/esvc_team/.m2/repository-ship/org/objenesis/objenesis/3.2/objenesis-3.2.jar:/Users/esvc_team/.m2/repository-ship/org/mockito/mockito-junit-jupiter/4.5.1/mockito-junit-jupiter-4.5.1.jar:/Users/esvc_team/.m2/repository-ship/org/skyscreamer/jsonassert/1.5.1/jsonassert-1.5.1.jar:/Users/esvc_team/.m2/repository-ship/com/vaadin/external/google/android-json/0.0.20131108.vaadin1/android-json-0.0.20131108.vaadin1.jar:/Users/esvc_team/.m2/repository-ship/org/springframework/spring-core/5.3.24/spring-core-5.3.24.jar:/Users/esvc_team/.m2/repository-ship/org/springframework/spring-jcl/5.3.24/spring-jcl-5.3.24.jar:/Users/esvc_team/.m2/repository-ship/org/springframework/spring-test/5.3.24/spring-test-5.3.24.jar:/Users/esvc_team/.m2/repository-ship/org/xmlunit/xmlunit-core/2.9.0/xmlunit-core-2.9.0.jar:/Users/esvc_team/.m2/repository-ship/io/projectreactor/reactor-test/3.4.25/reactor-test-3.4.25.jar:/Users/esvc_team/.m2/repository-ship/io/projectreactor/reactor-core/3.4.25/reactor-core-3.4.25.jar:/Users/esvc_team/.m2/repository-ship/org/reactivestreams/reactive-streams/1.0.4/reactive-streams-1.0.4.jar:"/>
    <property name="java.vm.vendor" value="Amazon.com Inc."/>
    <property name="sun.arch.data.model" value="64"/>
    <property name="java.vendor.url" value="https://aws.amazon.com/corretto/"/>
    <property name="user.timezone" value=""/>
    <property name="java.vm.specification.version" value="1.8"/>
    <property name="os.name" value="Mac OS X"/>
    <property name="user.country" value="SG"/>
    <property name="sun.java.launcher" value="SUN_STANDARD"/>
    <property name="sun.boot.library.path" value="/Library/Java/JavaVirtualMachines/amazon-corretto-8.jdk/Contents/Home/jre/lib"/>
    <property name="sun.java.command" value="/Users/esvc_team/Git/course/work-full-stack-course-2022/microservices/course/target/surefire/surefirebooter842506033760610215.jar /Users/esvc_team/Git/course/work-full-stack-course-2022/microservices/course/target/surefire 2022-12-14T20-34-27_601-jvmRun1 surefire8121011417613234328tmp surefire_03277779265562994222tmp"/>
    <property name="surefire.test.class.path" value="/Users/esvc_team/Git/course/work-full-stack-course-2022/microservices/course/target/test-classes:/Users/esvc_team/Git/course/work-full-stack-course-2022/microservices/course/target/classes:/Users/esvc_team/.m2/repository-ship/org/springframework/boot/spring-boot-starter-data-jpa/2.7.7-SNAPSHOT/spring-boot-starter-data-jpa-2.7.7-SNAPSHOT.jar:/Users/esvc_team/.m2/repository-ship/org/springframework/boot/spring-boot-starter-aop/2.7.7-SNAPSHOT/spring-boot-starter-aop-2.7.7-SNAPSHOT.jar:/Users/esvc_team/.m2/repository-ship/org/springframework/spring-aop/5.3.24/spring-aop-5.3.24.jar:/Users/esvc_team/.m2/repository-ship/org/aspectj/aspectjweaver/1.9.7/aspectjweaver-1.9.7.jar:/Users/esvc_team/.m2/repository-ship/org/springframework/boot/spring-boot-starter-jdbc/2.7.7-SNAPSHOT/spring-boot-starter-jdbc-2.7.7-SNAPSHOT.jar:/Users/esvc_team/.m2/repository-ship/com/zaxxer/HikariCP/4.0.3/HikariCP-4.0.3.jar:/Users/esvc_team/.m2/repository-ship/org/springframework/spring-jdbc/5.3.24/spring-jdbc-5.3.24.jar:/Users/esvc_team/.m2/repository-ship/jakarta/transaction/jakarta.transaction-api/1.3.3/jakarta.transaction-api-1.3.3.jar:/Users/esvc_team/.m2/repository-ship/jakarta/persistence/jakarta.persistence-api/2.2.3/jakarta.persistence-api-2.2.3.jar:/Users/esvc_team/.m2/repository-ship/org/hibernate/hibernate-core/5.6.14.Final/hibernate-core-5.6.14.Final.jar:/Users/esvc_team/.m2/repository-ship/org/jboss/logging/jboss-logging/3.4.3.Final/jboss-logging-3.4.3.Final.jar:/Users/esvc_team/.m2/repository-ship/net/bytebuddy/byte-buddy/1.12.19/byte-buddy-1.12.19.jar:/Users/esvc_team/.m2/repository-ship/antlr/antlr/2.7.7/antlr-2.7.7.jar:/Users/esvc_team/.m2/repository-ship/org/jboss/jandex/2.4.2.Final/jandex-2.4.2.Final.jar:/Users/esvc_team/.m2/repository-ship/com/fasterxml/classmate/1.5.1/classmate-1.5.1.jar:/Users/esvc_team/.m2/repository-ship/org/hibernate/common/hibernate-commons-annotations/5.1.2.Final/hibernate-commons-annotations-5.1.2.Final.jar:/Users/esvc_team/.m2/repository-ship/org/glassfish/jaxb/jaxb-runtime/2.3.7/jaxb-runtime-2.3.7.jar:/Users/esvc_team/.m2/repository-ship/org/glassfish/jaxb/txw2/2.3.7/txw2-2.3.7.jar:/Users/esvc_team/.m2/repository-ship/com/sun/istack/istack-commons-runtime/3.0.12/istack-commons-runtime-3.0.12.jar:/Users/esvc_team/.m2/repository-ship/com/sun/activation/jakarta.activation/1.2.2/jakarta.activation-1.2.2.jar:/Users/esvc_team/.m2/repository-ship/org/springframework/data/spring-data-jpa/2.7.6/spring-data-jpa-2.7.6.jar:/Users/esvc_team/.m2/repository-ship/org/springframework/data/spring-data-commons/2.7.6/spring-data-commons-2.7.6.jar:/Users/esvc_team/.m2/repository-ship/org/springframework/spring-orm/5.3.24/spring-orm-5.3.24.jar:/Users/esvc_team/.m2/repository-ship/org/springframework/spring-context/5.3.24/spring-context-5.3.24.jar:/Users/esvc_team/.m2/repository-ship/org/springframework/spring-expression/5.3.24/spring-expression-5.3.24.jar:/Users/esvc_team/.m2/repository-ship/org/springframework/spring-tx/5.3.24/spring-tx-5.3.24.jar:/Users/esvc_team/.m2/repository-ship/org/springframework/spring-beans/5.3.24/spring-beans-5.3.24.jar:/Users/esvc_team/.m2/repository-ship/org/slf4j/slf4j-api/1.7.36/slf4j-api-1.7.36.jar:/Users/esvc_team/.m2/repository-ship/org/springframework/spring-aspects/5.3.24/spring-aspects-5.3.24.jar:/Users/esvc_team/.m2/repository-ship/org/springframework/boot/spring-boot-starter-webflux/2.7.7-SNAPSHOT/spring-boot-starter-webflux-2.7.7-SNAPSHOT.jar:/Users/esvc_team/.m2/repository-ship/org/springframework/boot/spring-boot-starter/2.7.7-SNAPSHOT/spring-boot-starter-2.7.7-SNAPSHOT.jar:/Users/esvc_team/.m2/repository-ship/org/springframework/boot/spring-boot/2.7.7-SNAPSHOT/spring-boot-2.7.7-SNAPSHOT.jar:/Users/esvc_team/.m2/repository-ship/org/springframework/boot/spring-boot-autoconfigure/2.7.7-SNAPSHOT/spring-boot-autoconfigure-2.7.7-SNAPSHOT.jar:/Users/esvc_team/.m2/repository-ship/org/springframework/boot/spring-boot-starter-logging/2.7.7-SNAPSHOT/spring-boot-starter-logging-2.7.7-SNAPSHOT.jar:/Users/esvc_team/.m2/repository-ship/ch/qos/logback/logback-classic/1.2.11/logback-classic-1.2.11.jar:/Users/esvc_team/.m2/repository-ship/ch/qos/logback/logback-core/1.2.11/logback-core-1.2.11.jar:/Users/esvc_team/.m2/repository-ship/org/apache/logging/log4j/log4j-to-slf4j/2.17.2/log4j-to-slf4j-2.17.2.jar:/Users/esvc_team/.m2/repository-ship/org/apache/logging/log4j/log4j-api/2.17.2/log4j-api-2.17.2.jar:/Users/esvc_team/.m2/repository-ship/org/slf4j/jul-to-slf4j/1.7.36/jul-to-slf4j-1.7.36.jar:/Users/esvc_team/.m2/repository-ship/jakarta/annotation/jakarta.annotation-api/1.3.5/jakarta.annotation-api-1.3.5.jar:/Users/esvc_team/.m2/repository-ship/org/yaml/snakeyaml/1.30/snakeyaml-1.30.jar:/Users/esvc_team/.m2/repository-ship/org/springframework/boot/spring-boot-starter-json/2.7.7-SNAPSHOT/spring-boot-starter-json-2.7.7-SNAPSHOT.jar:/Users/esvc_team/.m2/repository-ship/com/fasterxml/jackson/core/jackson-databind/2.13.4.2/jackson-databind-2.13.4.2.jar:/Users/esvc_team/.m2/repository-ship/com/fasterxml/jackson/datatype/jackson-datatype-jdk8/2.13.4/jackson-datatype-jdk8-2.13.4.jar:/Users/esvc_team/.m2/repository-ship/com/fasterxml/jackson/datatype/jackson-datatype-jsr310/2.13.4/jackson-datatype-jsr310-2.13.4.jar:/Users/esvc_team/.m2/repository-ship/com/fasterxml/jackson/module/jackson-module-parameter-names/2.13.4/jackson-module-parameter-names-2.13.4.jar:/Users/esvc_team/.m2/repository-ship/org/springframework/boot/spring-boot-starter-reactor-netty/2.7.7-SNAPSHOT/spring-boot-starter-reactor-netty-2.7.7-SNAPSHOT.jar:/Users/esvc_team/.m2/repository-ship/io/projectreactor/netty/reactor-netty-http/1.0.25/reactor-netty-http-1.0.25.jar:/Users/esvc_team/.m2/repository-ship/io/netty/netty-codec-http/4.1.85.Final/netty-codec-http-4.1.85.Final.jar:/Users/esvc_team/.m2/repository-ship/io/netty/netty-common/4.1.85.Final/netty-common-4.1.85.Final.jar:/Users/esvc_team/.m2/repository-ship/io/netty/netty-buffer/4.1.85.Final/netty-buffer-4.1.85.Final.jar:/Users/esvc_team/.m2/repository-ship/io/netty/netty-transport/4.1.85.Final/netty-transport-4.1.85.Final.jar:/Users/esvc_team/.m2/repository-ship/io/netty/netty-codec/4.1.85.Final/netty-codec-4.1.85.Final.jar:/Users/esvc_team/.m2/repository-ship/io/netty/netty-handler/4.1.85.Final/netty-handler-4.1.85.Final.jar:/Users/esvc_team/.m2/repository-ship/io/netty/netty-codec-http2/4.1.85.Final/netty-codec-http2-4.1.85.Final.jar:/Users/esvc_team/.m2/repository-ship/io/netty/netty-resolver-dns/4.1.85.Final/netty-resolver-dns-4.1.85.Final.jar:/Users/esvc_team/.m2/repository-ship/io/netty/netty-resolver/4.1.85.Final/netty-resolver-4.1.85.Final.jar:/Users/esvc_team/.m2/repository-ship/io/netty/netty-codec-dns/4.1.85.Final/netty-codec-dns-4.1.85.Final.jar:/Users/esvc_team/.m2/repository-ship/io/netty/netty-resolver-dns-native-macos/4.1.85.Final/netty-resolver-dns-native-macos-4.1.85.Final-osx-x86_64.jar:/Users/esvc_team/.m2/repository-ship/io/netty/netty-resolver-dns-classes-macos/4.1.85.Final/netty-resolver-dns-classes-macos-4.1.85.Final.jar:/Users/esvc_team/.m2/repository-ship/io/netty/netty-transport-native-epoll/4.1.85.Final/netty-transport-native-epoll-4.1.85.Final-linux-x86_64.jar:/Users/esvc_team/.m2/repository-ship/io/netty/netty-transport-native-unix-common/4.1.85.Final/netty-transport-native-unix-common-4.1.85.Final.jar:/Users/esvc_team/.m2/repository-ship/io/netty/netty-transport-classes-epoll/4.1.85.Final/netty-transport-classes-epoll-4.1.85.Final.jar:/Users/esvc_team/.m2/repository-ship/io/projectreactor/netty/reactor-netty-core/1.0.25/reactor-netty-core-1.0.25.jar:/Users/esvc_team/.m2/repository-ship/io/netty/netty-handler-proxy/4.1.85.Final/netty-handler-proxy-4.1.85.Final.jar:/Users/esvc_team/.m2/repository-ship/io/netty/netty-codec-socks/4.1.85.Final/netty-codec-socks-4.1.85.Final.jar:/Users/esvc_team/.m2/repository-ship/org/springframework/spring-web/5.3.24/spring-web-5.3.24.jar:/Users/esvc_team/.m2/repository-ship/org/springframework/spring-webflux/5.3.24/spring-webflux-5.3.24.jar:/Users/esvc_team/.m2/repository-ship/org/springframework/cloud/spring-cloud-starter-netflix-eureka-client/3.1.4/spring-cloud-starter-netflix-eureka-client-3.1.4.jar:/Users/esvc_team/.m2/repository-ship/org/springframework/cloud/spring-cloud-starter/3.1.5/spring-cloud-starter-3.1.5.jar:/Users/esvc_team/.m2/repository-ship/org/springframework/cloud/spring-cloud-context/3.1.5/spring-cloud-context-3.1.5.jar:/Users/esvc_team/.m2/repository-ship/org/springframework/security/spring-security-crypto/5.7.5/spring-security-crypto-5.7.5.jar:/Users/esvc_team/.m2/repository-ship/org/springframework/cloud/spring-cloud-commons/3.1.5/spring-cloud-commons-3.1.5.jar:/Users/esvc_team/.m2/repository-ship/org/springframework/security/spring-security-rsa/1.0.11.RELEASE/spring-security-rsa-1.0.11.RELEASE.jar:/Users/esvc_team/.m2/repository-ship/org/bouncycastle/bcpkix-jdk15on/1.69/bcpkix-jdk15on-1.69.jar:/Users/esvc_team/.m2/repository-ship/org/bouncycastle/bcprov-jdk15on/1.69/bcprov-jdk15on-1.69.jar:/Users/esvc_team/.m2/repository-ship/org/bouncycastle/bcutil-jdk15on/1.69/bcutil-jdk15on-1.69.jar:/Users/esvc_team/.m2/repository-ship/org/springframework/cloud/spring-cloud-netflix-eureka-client/3.1.4/spring-cloud-netflix-eureka-client-3.1.4.jar:/Users/esvc_team/.m2/repository-ship/com/netflix/eureka/eureka-client/1.10.17/eureka-client-1.10.17.jar:/Users/esvc_team/.m2/repository-ship/com/netflix/netflix-commons/netflix-eventbus/0.3.0/netflix-eventbus-0.3.0.jar:/Users/esvc_team/.m2/repository-ship/com/netflix/netflix-commons/netflix-infix/0.3.0/netflix-infix-0.3.0.jar:/Users/esvc_team/.m2/repository-ship/commons-jxpath/commons-jxpath/1.3/commons-jxpath-1.3.jar:/Users/esvc_team/.m2/repository-ship/joda-time/joda-time/2.3/joda-time-2.3.jar:/Users/esvc_team/.m2/repository-ship/org/antlr/antlr-runtime/3.4/antlr-runtime-3.4.jar:/Users/esvc_team/.m2/repository-ship/org/antlr/stringtemplate/3.2.1/stringtemplate-3.2.1.jar:/Users/esvc_team/.m2/repository-ship/com/google/code/gson/gson/2.9.1/gson-2.9.1.jar:/Users/esvc_team/.m2/repository-ship/org/apache/commons/commons-math/2.2/commons-math-2.2.jar:/Users/esvc_team/.m2/repository-ship/com/thoughtworks/xstream/xstream/1.4.18/xstream-1.4.18.jar:/Users/esvc_team/.m2/repository-ship/io/github/x-stream/mxparser/1.2.2/mxparser-1.2.2.jar:/Users/esvc_team/.m2/repository-ship/xmlpull/xmlpull/1.1.3.1/xmlpull-1.1.3.1.jar:/Users/esvc_team/.m2/repository-ship/javax/ws/rs/jsr311-api/1.1.1/jsr311-api-1.1.1.jar:/Users/esvc_team/.m2/repository-ship/com/netflix/servo/servo-core/0.12.21/servo-core-0.12.21.jar:/Users/esvc_team/.m2/repository-ship/com/google/guava/guava/19.0/guava-19.0.jar:/Users/esvc_team/.m2/repository-ship/org/apache/httpcomponents/httpclient/4.5.13/httpclient-4.5.13.jar:/Users/esvc_team/.m2/repository-ship/org/apache/httpcomponents/httpcore/4.4.15/httpcore-4.4.15.jar:/Users/esvc_team/.m2/repository-ship/commons-codec/commons-codec/1.15/commons-codec-1.15.jar:/Users/esvc_team/.m2/repository-ship/commons-configuration/commons-configuration/1.10/commons-configuration-1.10.jar:/Users/esvc_team/.m2/repository-ship/commons-lang/commons-lang/2.6/commons-lang-2.6.jar:/Users/esvc_team/.m2/repository-ship/com/google/inject/guice/4.1.0/guice-4.1.0.jar:/Users/esvc_team/.m2/repository-ship/javax/inject/javax.inject/1/javax.inject-1.jar:/Users/esvc_team/.m2/repository-ship/com/fasterxml/jackson/core/jackson-annotations/2.13.4/jackson-annotations-2.13.4.jar:/Users/esvc_team/.m2/repository-ship/com/fasterxml/jackson/core/jackson-core/2.13.4/jackson-core-2.13.4.jar:/Users/esvc_team/.m2/repository-ship/org/codehaus/jettison/jettison/1.4.0/jettison-1.4.0.jar:/Users/esvc_team/.m2/repository-ship/com/netflix/eureka/eureka-core/1.10.17/eureka-core-1.10.17.jar:/Users/esvc_team/.m2/repository-ship/com/fasterxml/woodstox/woodstox-core/6.2.1/woodstox-core-6.2.1.jar:/Users/esvc_team/.m2/repository-ship/org/codehaus/woodstox/stax2-api/4.2.1/stax2-api-4.2.1.jar:/Users/esvc_team/.m2/repository-ship/org/springframework/cloud/spring-cloud-starter-loadbalancer/3.1.5/spring-cloud-starter-loadbalancer-3.1.5.jar:/Users/esvc_team/.m2/repository-ship/org/springframework/cloud/spring-cloud-loadbalancer/3.1.5/spring-cloud-loadbalancer-3.1.5.jar:/Users/esvc_team/.m2/repository-ship/io/projectreactor/addons/reactor-extra/3.4.9/reactor-extra-3.4.9.jar:/Users/esvc_team/.m2/repository-ship/org/springframework/boot/spring-boot-starter-cache/2.7.7-SNAPSHOT/spring-boot-starter-cache-2.7.7-SNAPSHOT.jar:/Users/esvc_team/.m2/repository-ship/org/springframework/spring-context-support/5.3.24/spring-context-support-5.3.24.jar:/Users/esvc_team/.m2/repository-ship/com/stoyanr/evictor/1.0.0/evictor-1.0.0.jar:/Users/esvc_team/.m2/repository-ship/com/mysql/mysql-connector-j/8.0.31/mysql-connector-j-8.0.31.jar:/Users/esvc_team/.m2/repository-ship/org/springframework/boot/spring-boot-starter-test/2.7.7-SNAPSHOT/spring-boot-starter-test-2.7.7-SNAPSHOT.jar:/Users/esvc_team/.m2/repository-ship/org/springframework/boot/spring-boot-test/2.7.7-SNAPSHOT/spring-boot-test-2.7.7-SNAPSHOT.jar:/Users/esvc_team/.m2/repository-ship/org/springframework/boot/spring-boot-test-autoconfigure/2.7.7-SNAPSHOT/spring-boot-test-autoconfigure-2.7.7-SNAPSHOT.jar:/Users/esvc_team/.m2/repository-ship/com/jayway/jsonpath/json-path/2.7.0/json-path-2.7.0.jar:/Users/esvc_team/.m2/repository-ship/net/minidev/json-smart/2.4.8/json-smart-2.4.8.jar:/Users/esvc_team/.m2/repository-ship/net/minidev/accessors-smart/2.4.8/accessors-smart-2.4.8.jar:/Users/esvc_team/.m2/repository-ship/org/ow2/asm/asm/9.1/asm-9.1.jar:/Users/esvc_team/.m2/repository-ship/jakarta/xml/bind/jakarta.xml.bind-api/2.3.3/jakarta.xml.bind-api-2.3.3.jar:/Users/esvc_team/.m2/repository-ship/jakarta/activation/jakarta.activation-api/1.2.2/jakarta.activation-api-1.2.2.jar:/Users/esvc_team/.m2/repository-ship/org/assertj/assertj-core/3.22.0/assertj-core-3.22.0.jar:/Users/esvc_team/.m2/repository-ship/org/hamcrest/hamcrest/2.2/hamcrest-2.2.jar:/Users/esvc_team/.m2/repository-ship/org/junit/jupiter/junit-jupiter/5.8.2/junit-jupiter-5.8.2.jar:/Users/esvc_team/.m2/repository-ship/org/junit/jupiter/junit-jupiter-api/5.8.2/junit-jupiter-api-5.8.2.jar:/Users/esvc_team/.m2/repository-ship/org/opentest4j/opentest4j/1.2.0/opentest4j-1.2.0.jar:/Users/esvc_team/.m2/repository-ship/org/junit/platform/junit-platform-commons/1.8.2/junit-platform-commons-1.8.2.jar:/Users/esvc_team/.m2/repository-ship/org/apiguardian/apiguardian-api/1.1.2/apiguardian-api-1.1.2.jar:/Users/esvc_team/.m2/repository-ship/org/junit/jupiter/junit-jupiter-params/5.8.2/junit-jupiter-params-5.8.2.jar:/Users/esvc_team/.m2/repository-ship/org/junit/jupiter/junit-jupiter-engine/5.8.2/junit-jupiter-engine-5.8.2.jar:/Users/esvc_team/.m2/repository-ship/org/junit/platform/junit-platform-engine/1.8.2/junit-platform-engine-1.8.2.jar:/Users/esvc_team/.m2/repository-ship/org/mockito/mockito-core/4.5.1/mockito-core-4.5.1.jar:/Users/esvc_team/.m2/repository-ship/net/bytebuddy/byte-buddy-agent/1.12.19/byte-buddy-agent-1.12.19.jar:/Users/esvc_team/.m2/repository-ship/org/objenesis/objenesis/3.2/objenesis-3.2.jar:/Users/esvc_team/.m2/repository-ship/org/mockito/mockito-junit-jupiter/4.5.1/mockito-junit-jupiter-4.5.1.jar:/Users/esvc_team/.m2/repository-ship/org/skyscreamer/jsonassert/1.5.1/jsonassert-1.5.1.jar:/Users/esvc_team/.m2/repository-ship/com/vaadin/external/google/android-json/0.0.20131108.vaadin1/android-json-0.0.20131108.vaadin1.jar:/Users/esvc_team/.m2/repository-ship/org/springframework/spring-core/5.3.24/spring-core-5.3.24.jar:/Users/esvc_team/.m2/repository-ship/org/springframework/spring-jcl/5.3.24/spring-jcl-5.3.24.jar:/Users/esvc_team/.m2/repository-ship/org/springframework/spring-test/5.3.24/spring-test-5.3.24.jar:/Users/esvc_team/.m2/repository-ship/org/xmlunit/xmlunit-core/2.9.0/xmlunit-core-2.9.0.jar:/Users/esvc_team/.m2/repository-ship/io/projectreactor/reactor-test/3.4.25/reactor-test-3.4.25.jar:/Users/esvc_team/.m2/repository-ship/io/projectreactor/reactor-core/3.4.25/reactor-core-3.4.25.jar:/Users/esvc_team/.m2/repository-ship/org/reactivestreams/reactive-streams/1.0.4/reactive-streams-1.0.4.jar:"/>
    <property name="sun.cpu.endian" value="little"/>
    <property name="user.home" value="/Users/esvc_team"/>
    <property name="user.language" value="en"/>
    <property name="java.specification.vendor" value="Oracle Corporation"/>
    <property name="java.home" value="/Library/Java/JavaVirtualMachines/amazon-corretto-8.jdk/Contents/Home/jre"/>
    <property name="basedir" value="/Users/esvc_team/Git/course/work-full-stack-course-2022/microservices/course"/>
    <property name="style.color" value="always"/>
    <property name="file.separator" value="/"/>
    <property name="line.separator" value="&#10;"/>
    <property name="java.vm.specification.vendor" value="Oracle Corporation"/>
    <property name="java.specification.name" value="Java Platform API Specification"/>
    <property name="java.awt.graphicsenv" value="sun.awt.CGraphicsEnvironment"/>
    <property name="surefire.real.class.path" value="/Users/esvc_team/Git/course/work-full-stack-course-2022/microservices/course/target/surefire/surefirebooter842506033760610215.jar"/>
    <property name="sun.boot.class.path" value="/Library/Java/JavaVirtualMachines/amazon-corretto-8.jdk/Contents/Home/jre/lib/resources.jar:/Library/Java/JavaVirtualMachines/amazon-corretto-8.jdk/Contents/Home/jre/lib/rt.jar:/Library/Java/JavaVirtualMachines/amazon-corretto-8.jdk/Contents/Home/jre/lib/sunrsasign.jar:/Library/Java/JavaVirtualMachines/amazon-corretto-8.jdk/Contents/Home/jre/lib/jsse.jar:/Library/Java/JavaVirtualMachines/amazon-corretto-8.jdk/Contents/Home/jre/lib/jce.jar:/Library/Java/JavaVirtualMachines/amazon-corretto-8.jdk/Contents/Home/jre/lib/charsets.jar:/Library/Java/JavaVirtualMachines/amazon-corretto-8.jdk/Contents/Home/jre/lib/jfr.jar:/Library/Java/JavaVirtualMachines/amazon-corretto-8.jdk/Contents/Home/jre/classes"/>
    <property name="sun.management.compiler" value="HotSpot 64-Bit Tiered Compilers"/>
    <property name="java.runtime.version" value="1.8.0_342-b07"/>
    <property name="user.name" value="esvc_team"/>
    <property name="path.separator" value=":"/>
    <property name="os.version" value="12.6.1"/>
    <property name="java.endorsed.dirs" value="/Library/Java/JavaVirtualMachines/amazon-corretto-8.jdk/Contents/Home/jre/lib/endorsed"/>
    <property name="java.runtime.name" value="OpenJDK Runtime Environment"/>
    <property name="file.encoding" value="UTF-8"/>
    <property name="java.vm.name" value="OpenJDK 64-Bit Server VM"/>
    <property name="localRepository" value="/Users/esvc_team/.m2/repository-ship"/>
    <property name="java.vendor.url.bug" value="https://github.com/corretto/corretto-8/issues/"/>
    <property name="java.io.tmpdir" value="/var/folders/v_/cxq4bxls60dgl_mclw8h05k00000gn/T/"/>
    <property name="java.version" value="1.8.0_342"/>
    <property name="user.dir" value="/Users/esvc_team/Git/course/work-full-stack-course-2022/microservices/course"/>
    <property name="os.arch" value="aarch64"/>
    <property name="java.vm.specification.name" value="Java Virtual Machine Specification"/>
    <property name="java.awt.printerjob" value="sun.lwawt.macosx.CPrinterJob"/>
    <property name="sun.os.patch.level" value="unknown"/>
    <property name="java.library.path" value="/Users/esvc_team/Library/Java/Extensions:/Library/Java/Extensions:/Network/Library/Java/Extensions:/System/Library/Java/Extensions:/usr/lib/java:."/>
    <property name="java.vm.info" value="mixed mode"/>
    <property name="java.vendor" value="Amazon.com Inc."/>
    <property name="java.vm.version" value="25.342-b07"/>
    <property name="java.ext.dirs" value="/Users/esvc_team/Library/Java/Extensions:/Library/Java/JavaVirtualMachines/amazon-corretto-8.jdk/Contents/Home/jre/lib/ext:/Library/Java/Extensions:/Network/Library/Java/Extensions:/System/Library/Java/Extensions:/usr/lib/java"/>
    <property name="sun.io.unicode.encoding" value="UnicodeBig"/>
    <property name="java.class.version" value="52.0"/>
  </properties>
  <testcase name="contextLoads" classname="com.example.course.CourseApplicationTests" time="0.042"/>
</testsuite>